<?xml version="1.0" encoding="UTF-8"?>
<robot generator="Robot 3.1.2 (Python 3.7.3 on darwin)" generated="20190804 17:13:54.056" rpa="false">
<suite id="s1" name="Tests" source="/Users/ajithsundararaj/PycharmProjects/robot_udemy/SeleniumHQ/tests">
<suite id="s1-s1" name="Verify Home Page" source="/Users/ajithsundararaj/PycharmProjects/robot_udemy/SeleniumHQ/tests/verify_home_page.robot">
<test id="s1-s1-t1" name="Verify home page navigation is successful">
<kw name="Open Browser" library="SeleniumLibrary">
<doc>Opens a new browser instance to the given ``url``.</doc>
<arguments>
<arg>${url}</arg>
<arg>${Browser}</arg>
</arguments>
<msg timestamp="20190804 17:13:54.300" level="INFO">Opening browser 'chrome' to base url 'https://www.seleniumhq.org/'.</msg>
<status status="PASS" starttime="20190804 17:13:54.299" endtime="20190804 17:13:57.912"></status>
</kw>
<kw name="Wait Until Page Contains" library="SeleniumLibrary">
<doc>Waits until ``text`` appears on current page.</doc>
<arguments>
<arg>What is Selenium?</arg>
</arguments>
<status status="PASS" starttime="20190804 17:13:57.913" endtime="20190804 17:13:57.931"></status>
</kw>
<kw name="Page Should Contain Element" library="SeleniumLibrary">
<doc>Verifies that element ``locator`` is found on the current page.</doc>
<arguments>
<arg>xpath=//a[contains(text(),"Download Selenium")]</arg>
</arguments>
<msg timestamp="20190804 17:13:57.994" level="INFO">Current page contains element 'xpath=//a[contains(text(),"Download Selenium")]'.</msg>
<status status="PASS" starttime="20190804 17:13:57.931" endtime="20190804 17:13:57.994"></status>
</kw>
<kw name="Element Text Should Be" library="SeleniumLibrary">
<doc>Verifies that element ``locator`` contains exact text ``expected``.</doc>
<arguments>
<arg>//a[contains(text(),'Download Selenium')]</arg>
<arg>Download Selenium</arg>
</arguments>
<msg timestamp="20190804 17:13:57.994" level="INFO">Verifying element '//a[contains(text(),'Download Selenium')]' contains exact text 'Download Selenium'.</msg>
<status status="PASS" starttime="20190804 17:13:57.994" endtime="20190804 17:13:58.022"></status>
</kw>
<kw name="Close Browser" library="SeleniumLibrary">
<doc>Closes the current browser.</doc>
<status status="PASS" starttime="20190804 17:13:58.022" endtime="20190804 17:13:58.094"></status>
</kw>
<tags>
<tag>Smoke</tag>
</tags>
<status status="PASS" starttime="20190804 17:13:54.299" endtime="20190804 17:13:58.094" critical="yes"></status>
</test>
<status status="PASS" starttime="20190804 17:13:54.084" endtime="20190804 17:13:58.095"></status>
</suite>
<suite id="s1-s2" name="Verify Project Page" source="/Users/ajithsundararaj/PycharmProjects/robot_udemy/SeleniumHQ/tests/verify_project_page.robot">
<test id="s1-s2-t1" name="Verify project page navigation is successful">
<kw name="Open Browser" library="SeleniumLibrary">
<doc>Opens a new browser instance to the given ``url``.</doc>
<arguments>
<arg>${url}</arg>
<arg>${Browser}</arg>
</arguments>
<msg timestamp="20190804 17:13:58.101" level="INFO">Opening browser 'chrome' to base url 'https://www.seleniumhq.org/'.</msg>
<status status="PASS" starttime="20190804 17:13:58.101" endtime="20190804 17:14:01.125"></status>
</kw>
<kw name="Wait Until Page Contains" library="SeleniumLibrary">
<doc>Waits until ``text`` appears on current page.</doc>
<arguments>
<arg>What is Selenium?</arg>
</arguments>
<status status="PASS" starttime="20190804 17:14:01.126" endtime="20190804 17:14:01.140"></status>
</kw>
<kw name="Click Link" library="SeleniumLibrary">
<doc>Clicks a link identified by ``locator``.</doc>
<arguments>
<arg>xpath=//li[@id="menu_projects"]//a[contains(text(),"Projects")]</arg>
</arguments>
<msg timestamp="20190804 17:14:01.140" level="INFO">Clicking link 'xpath=//li[@id="menu_projects"]//a[contains(text(),"Projects")]'.</msg>
<status status="PASS" starttime="20190804 17:14:01.140" endtime="20190804 17:14:01.943"></status>
</kw>
<kw name="Wait Until Page Contains" library="SeleniumLibrary">
<doc>Waits until ``text`` appears on current page.</doc>
<arguments>
<arg>Selenium Projects</arg>
</arguments>
<status status="PASS" starttime="20190804 17:14:01.943" endtime="20190804 17:14:01.956"></status>
</kw>
<kw name="Page Should Contain Element" library="SeleniumLibrary">
<doc>Verifies that element ``locator`` is found on the current page.</doc>
<arguments>
<arg>xpath=//a[contains(text(),"edit this page")]</arg>
</arguments>
<msg timestamp="20190804 17:14:01.969" level="INFO">Current page contains element 'xpath=//a[contains(text(),"edit this page")]'.</msg>
<status status="PASS" starttime="20190804 17:14:01.956" endtime="20190804 17:14:01.969"></status>
</kw>
<kw name="Element Text Should Be" library="SeleniumLibrary">
<doc>Verifies that element ``locator`` contains exact text ``expected``.</doc>
<arguments>
<arg>xpath=//a[contains(text(),"edit this page")]</arg>
<arg>edit this page</arg>
</arguments>
<msg timestamp="20190804 17:14:01.969" level="INFO">Verifying element 'xpath=//a[contains(text(),"edit this page")]' contains exact text 'edit this page'.</msg>
<status status="PASS" starttime="20190804 17:14:01.969" endtime="20190804 17:14:01.993"></status>
</kw>
<kw name="Title Should Be" library="SeleniumLibrary">
<doc>Verifies that current page title equals ``title``.</doc>
<arguments>
<arg>Selenium Projects</arg>
</arguments>
<msg timestamp="20190804 17:14:02.001" level="INFO">Page title is 'Selenium Projects'.</msg>
<status status="PASS" starttime="20190804 17:14:01.993" endtime="20190804 17:14:02.001"></status>
</kw>
<kw name="Close Browser" library="SeleniumLibrary">
<doc>Closes the current browser.</doc>
<status status="PASS" starttime="20190804 17:14:02.002" endtime="20190804 17:14:02.075"></status>
</kw>
<tags>
<tag>Smoke</tag>
</tags>
<status status="PASS" starttime="20190804 17:13:58.100" endtime="20190804 17:14:02.075" critical="yes"></status>
</test>
<status status="PASS" starttime="20190804 17:13:58.097" endtime="20190804 17:14:02.076"></status>
</suite>
<status status="PASS" starttime="20190804 17:13:54.061" endtime="20190804 17:14:02.077"></status>
</suite>
<statistics>
<total>
<stat pass="2" fail="0">Critical Tests</stat>
<stat pass="2" fail="0">All Tests</stat>
</total>
<tag>
<stat pass="2" fail="0">Smoke</stat>
</tag>
<suite>
<stat pass="2" fail="0" id="s1" name="Tests">Tests</stat>
<stat pass="1" fail="0" id="s1-s1" name="Verify Home Page">Tests.Verify Home Page</stat>
<stat pass="1" fail="0" id="s1-s2" name="Verify Project Page">Tests.Verify Project Page</stat>
</suite>
</statistics>
<errors>
</errors>
</robot>
