<?xml version="1.0" encoding="UTF-8"?>
<robot generator="Robot 3.1.2 (Python 3.7.3 on darwin)" generated="20190805 13:22:11.729" rpa="false">
<suite id="s1" name="Tests" source="/Users/ajithsundararaj/PycharmProjects/robot_framework/amazon_with_readable_scripts/tests">
<suite id="s1-s1" name="First Script Better" source="/Users/ajithsundararaj/PycharmProjects/robot_framework/amazon_with_readable_scripts/tests/first_script_better.robot">
<test id="s1-s1-t1" name="User must signin to checck out">
<kw name="Begin web test" library="Common" type="setup">
<kw name="Open Browser" library="SeleniumLibrary">
<doc>Opens a new browser instance to the given ``url``.</doc>
<arguments>
<arg>http://www.amazon.in</arg>
<arg>${Browser}</arg>
</arguments>
<msg timestamp="20190805 13:22:11.986" level="INFO">Opening browser 'chrome' to base url 'http://www.amazon.in'.</msg>
<status status="PASS" starttime="20190805 13:22:11.986" endtime="20190805 13:22:15.937"></status>
</kw>
<kw name="Wait Until Page Contains" library="SeleniumLibrary">
<doc>Waits until ``text`` appears on current page.</doc>
<arguments>
<arg>Your Amazon.in</arg>
</arguments>
<status status="PASS" starttime="20190805 13:22:15.937" endtime="20190805 13:22:16.042"></status>
</kw>
<status status="PASS" starttime="20190805 13:22:11.986" endtime="20190805 13:22:16.042"></status>
</kw>
<kw name="Search for product" library="Amazon">
<kw name="Searching for product in search bar" library="TopNav">
<kw name="Input Text" library="SeleniumLibrary">
<doc>Types the given ``text`` into text field identified by ``locator``.</doc>
<arguments>
<arg>id=twotabsearchtextbox</arg>
<arg>${search_item}</arg>
</arguments>
<msg timestamp="20190805 13:22:16.044" level="INFO">Typing text 'one plus cases' into text field 'id=twotabsearchtextbox'.</msg>
<status status="PASS" starttime="20190805 13:22:16.043" endtime="20190805 13:22:16.768"></status>
</kw>
<status status="PASS" starttime="20190805 13:22:16.043" endtime="20190805 13:22:16.768"></status>
</kw>
<kw name="Submit button in search bar" library="TopNav">
<kw name="Click Button" library="SeleniumLibrary">
<doc>Clicks button identified by ``locator``.</doc>
<arguments>
<arg>xpath=//div[@class="nav-search-submit nav-sprite"]//input[@class="nav-input"]</arg>
</arguments>
<msg timestamp="20190805 13:22:16.769" level="INFO">Clicking button 'xpath=//div[@class="nav-search-submit nav-sprite"]//input[@class="nav-input"]'.</msg>
<status status="PASS" starttime="20190805 13:22:16.768" endtime="20190805 13:22:19.213"></status>
</kw>
<status status="PASS" starttime="20190805 13:22:16.768" endtime="20190805 13:22:19.213"></status>
</kw>
<kw name="Verify search containing result for search item" library="Search_results_page">
<kw name="Wait Until Page Contains" library="SeleniumLibrary">
<doc>Waits until ``text`` appears on current page.</doc>
<arguments>
<arg>results for "${search_item}"</arg>
</arguments>
<status status="PASS" starttime="20190805 13:22:19.213" endtime="20190805 13:22:19.248"></status>
</kw>
<status status="PASS" starttime="20190805 13:22:19.213" endtime="20190805 13:22:19.248"></status>
</kw>
<status status="PASS" starttime="20190805 13:22:16.043" endtime="20190805 13:22:19.248"></status>
</kw>
<kw name="Add search product to cart" library="Amazon">
<kw name="Click on the first search product" library="Search_results_page">
<kw name="Click Link" library="SeleniumLibrary">
<doc>Clicks a link identified by ``locator``.</doc>
<arguments>
<arg>xpath=//div[@class="s-result-list s-search-results sg-row"]/child::div/div/div/div/div/div/div/div[2]/div/div/h2/a</arg>
</arguments>
<msg timestamp="20190805 13:22:19.250" level="INFO">Clicking link 'xpath=//div[@class="s-result-list s-search-results sg-row"]/child::div/div/div/div/div/div/div/div[2]/div/div/h2/a'.</msg>
<status status="PASS" starttime="20190805 13:22:19.249" endtime="20190805 13:22:19.495"></status>
</kw>
<status status="PASS" starttime="20190805 13:22:19.249" endtime="20190805 13:22:19.495"></status>
</kw>
<kw name="Select Window" library="SeleniumLibrary">
<doc>Selects browser window matching ``locator``.</doc>
<arguments>
<arg>NEW</arg>
</arguments>
<status status="PASS" starttime="20190805 13:22:19.495" endtime="20190805 13:22:19.506"></status>
</kw>
<kw name="Verify product page is present" library="Product_page">
<kw name="Wait Until Page Contains" library="SeleniumLibrary">
<doc>Waits until ``text`` appears on current page.</doc>
<arguments>
<arg>Back to results</arg>
</arguments>
<status status="PASS" starttime="20190805 13:22:19.506" endtime="20190805 13:22:20.830"></status>
</kw>
<status status="PASS" starttime="20190805 13:22:19.506" endtime="20190805 13:22:20.831"></status>
</kw>
<kw name="Click add to cart button" library="Product_page">
<kw name="Click Button" library="SeleniumLibrary">
<doc>Clicks button identified by ``locator``.</doc>
<arguments>
<arg>id=add-to-cart-button</arg>
</arguments>
<msg timestamp="20190805 13:22:20.832" level="INFO">Clicking button 'id=add-to-cart-button'.</msg>
<status status="PASS" starttime="20190805 13:22:20.831" endtime="20190805 13:22:22.113"></status>
</kw>
<status status="PASS" starttime="20190805 13:22:20.831" endtime="20190805 13:22:22.113"></status>
</kw>
<kw name="Verify cart page is present" library="cart_page">
<kw name="Wait Until Page Contains" library="SeleniumLibrary">
<doc>Waits until ``text`` appears on current page.</doc>
<arguments>
<arg>Added to Cart</arg>
</arguments>
<status status="PASS" starttime="20190805 13:22:22.114" endtime="20190805 13:22:22.145"></status>
</kw>
<status status="PASS" starttime="20190805 13:22:22.114" endtime="20190805 13:22:22.145"></status>
</kw>
<status status="PASS" starttime="20190805 13:22:19.249" endtime="20190805 13:22:22.146"></status>
</kw>
<kw name="Begin to checkout and verify user should signin" library="Amazon">
<kw name="Click on proceed to buy" library="cart_page">
<kw name="Click Link" library="SeleniumLibrary">
<doc>Clicks a link identified by ``locator``.</doc>
<arguments>
<arg>xpath=//a[contains(text(),"Proceed to Buy")]</arg>
</arguments>
<msg timestamp="20190805 13:22:22.147" level="INFO">Clicking link 'xpath=//a[contains(text(),"Proceed to Buy")]'.</msg>
<status status="PASS" starttime="20190805 13:22:22.146" endtime="20190805 13:22:23.376"></status>
</kw>
<status status="PASS" starttime="20190805 13:22:22.146" endtime="20190805 13:22:23.376"></status>
</kw>
<kw name="Verify sign-in page after checkout when user is not logged in" library="Sign_in_page">
<kw name="Wait Until Page Contains" library="SeleniumLibrary">
<doc>Waits until ``text`` appears on current page.</doc>
<arguments>
<arg>Login</arg>
</arguments>
<status status="PASS" starttime="20190805 13:22:23.377" endtime="20190805 13:22:23.389"></status>
</kw>
<status status="PASS" starttime="20190805 13:22:23.376" endtime="20190805 13:22:23.389"></status>
</kw>
<kw name="Verify create amazon account button is present" library="Sign_in_page">
<kw name="Page Should Contain Element" library="SeleniumLibrary">
<doc>Verifies that element ``locator`` is found on the current page.</doc>
<arguments>
<arg>id=createAccountSubmit</arg>
</arguments>
<msg timestamp="20190805 13:22:23.400" level="INFO">Current page contains element 'id=createAccountSubmit'.</msg>
<status status="PASS" starttime="20190805 13:22:23.389" endtime="20190805 13:22:23.400"></status>
</kw>
<kw name="Element Text Should Be" library="SeleniumLibrary">
<doc>Verifies that element ``locator`` contains exact text ``expected``.</doc>
<arguments>
<arg>id=createAccountSubmit</arg>
<arg>Create your Amazon account</arg>
</arguments>
<msg timestamp="20190805 13:22:23.400" level="INFO">Verifying element 'id=createAccountSubmit' contains exact text 'Create your Amazon account'.</msg>
<status status="PASS" starttime="20190805 13:22:23.400" endtime="20190805 13:22:23.419"></status>
</kw>
<status status="PASS" starttime="20190805 13:22:23.389" endtime="20190805 13:22:23.419"></status>
</kw>
<status status="PASS" starttime="20190805 13:22:22.146" endtime="20190805 13:22:23.419"></status>
</kw>
<kw name="Close Test" library="Common" type="teardown">
<kw name="Close Browser" library="SeleniumLibrary">
<doc>Closes the current browser.</doc>
<status status="PASS" starttime="20190805 13:22:23.419" endtime="20190805 13:22:23.557"></status>
</kw>
<status status="PASS" starttime="20190805 13:22:23.419" endtime="20190805 13:22:23.557"></status>
</kw>
<doc>First readable test to verify user must signin</doc>
<tags>
<tag>current</tag>
</tags>
<status status="PASS" starttime="20190805 13:22:11.985" endtime="20190805 13:22:23.557" critical="yes"></status>
</test>
<doc>In this script, moved keywords to resources file and referencing it</doc>
<status status="PASS" starttime="20190805 13:22:11.758" endtime="20190805 13:22:23.558"></status>
</suite>
<status status="PASS" starttime="20190805 13:22:11.733" endtime="20190805 13:22:23.560"></status>
</suite>
<statistics>
<total>
<stat pass="1" fail="0">Critical Tests</stat>
<stat pass="1" fail="0">All Tests</stat>
</total>
<tag>
<stat pass="1" fail="0">current</stat>
</tag>
<suite>
<stat pass="1" fail="0" id="s1" name="Tests">Tests</stat>
<stat pass="1" fail="0" id="s1-s1" name="First Script Better">Tests.First Script Better</stat>
</suite>
</statistics>
<errors>
</errors>
</robot>
