<?xml version="1.0" encoding="UTF-8"?>
<robot generator="Robot 3.1.2 (Python 3.7.3 on darwin)" generated="20190804 22:49:55.754" rpa="false">
<suite id="s1" name="Tests" source="/Users/ajithsundararaj/PycharmProjects/robot_udemy/amazon_with_readable_scripts/tests">
<suite id="s1-s1" name="First Script" source="/Users/ajithsundararaj/PycharmProjects/robot_udemy/amazon_with_readable_scripts/tests/first_script.robot">
<test id="s1-s1-t1" name="User must signin to checck out">
<kw name="Begin web test">
<kw name="Open Browser" library="SeleniumLibrary">
<doc>Opens a new browser instance to the given ``url``.</doc>
<arguments>
<arg>http://www.amazon.in</arg>
<arg>${Browser}</arg>
</arguments>
<msg timestamp="20190804 22:49:56.003" level="INFO">Opening browser 'chrome' to base url 'http://www.amazon.in'.</msg>
<status status="PASS" starttime="20190804 22:49:56.003" endtime="20190804 22:50:01.004"></status>
</kw>
<kw name="Wait Until Page Contains" library="SeleniumLibrary">
<doc>Waits until ``text`` appears on current page.</doc>
<arguments>
<arg>Your Amazon.in</arg>
</arguments>
<status status="PASS" starttime="20190804 22:50:01.005" endtime="20190804 22:50:01.117"></status>
</kw>
<status status="PASS" starttime="20190804 22:49:56.003" endtime="20190804 22:50:01.117"></status>
</kw>
<kw name="Search for product">
<kw name="Input Text" library="SeleniumLibrary">
<doc>Types the given ``text`` into text field identified by ``locator``.</doc>
<arguments>
<arg>id=twotabsearchtextbox</arg>
<arg>${search_item}</arg>
</arguments>
<msg timestamp="20190804 22:50:01.118" level="INFO">Typing text 'one plus cases' into text field 'id=twotabsearchtextbox'.</msg>
<status status="PASS" starttime="20190804 22:50:01.118" endtime="20190804 22:50:01.883"></status>
</kw>
<kw name="Click Button" library="SeleniumLibrary">
<doc>Clicks button identified by ``locator``.</doc>
<arguments>
<arg>xpath=//div[@class="nav-search-submit nav-sprite"]//input[@class="nav-input"]</arg>
</arguments>
<msg timestamp="20190804 22:50:01.884" level="INFO">Clicking button 'xpath=//div[@class="nav-search-submit nav-sprite"]//input[@class="nav-input"]'.</msg>
<status status="PASS" starttime="20190804 22:50:01.883" endtime="20190804 22:50:04.843"></status>
</kw>
<kw name="Wait Until Page Contains" library="SeleniumLibrary">
<doc>Waits until ``text`` appears on current page.</doc>
<arguments>
<arg>results for "${search_item}"</arg>
</arguments>
<status status="PASS" starttime="20190804 22:50:04.844" endtime="20190804 22:50:04.886"></status>
</kw>
<status status="PASS" starttime="20190804 22:50:01.118" endtime="20190804 22:50:04.886"></status>
</kw>
<kw name="Add search product to cart">
<kw name="Click Link" library="SeleniumLibrary">
<doc>Clicks a link identified by ``locator``.</doc>
<arguments>
<arg>xpath=//div[@class="s-result-list s-search-results sg-row"]/child::div/div/div/div/div/div/div/div[2]/div/div/h2/a</arg>
</arguments>
<msg timestamp="20190804 22:50:04.887" level="INFO">Clicking link 'xpath=//div[@class="s-result-list s-search-results sg-row"]/child::div/div/div/div/div/div/div/div[2]/div/div/h2/a'.</msg>
<status status="PASS" starttime="20190804 22:50:04.887" endtime="20190804 22:50:05.134"></status>
</kw>
<kw name="Select Window" library="SeleniumLibrary">
<doc>Selects browser window matching ``locator``.</doc>
<arguments>
<arg>NEW</arg>
</arguments>
<status status="PASS" starttime="20190804 22:50:05.134" endtime="20190804 22:50:05.153"></status>
</kw>
<kw name="Wait Until Page Contains" library="SeleniumLibrary">
<doc>Waits until ``text`` appears on current page.</doc>
<arguments>
<arg>Back to results</arg>
</arguments>
<status status="PASS" starttime="20190804 22:50:05.154" endtime="20190804 22:50:06.352"></status>
</kw>
<kw name="Click Button" library="SeleniumLibrary">
<doc>Clicks button identified by ``locator``.</doc>
<arguments>
<arg>id=add-to-cart-button</arg>
</arguments>
<msg timestamp="20190804 22:50:06.352" level="INFO">Clicking button 'id=add-to-cart-button'.</msg>
<status status="PASS" starttime="20190804 22:50:06.352" endtime="20190804 22:50:07.757"></status>
</kw>
<kw name="Wait Until Page Contains" library="SeleniumLibrary">
<doc>Waits until ``text`` appears on current page.</doc>
<arguments>
<arg>Added to Cart</arg>
</arguments>
<status status="PASS" starttime="20190804 22:50:07.758" endtime="20190804 22:50:07.777"></status>
</kw>
<status status="PASS" starttime="20190804 22:50:04.886" endtime="20190804 22:50:07.777"></status>
</kw>
<kw name="Begin to checkout and verify user should signin">
<kw name="Click Link" library="SeleniumLibrary">
<doc>Clicks a link identified by ``locator``.</doc>
<arguments>
<arg>xpath=//a[contains(text(),"Proceed to Buy")]</arg>
</arguments>
<msg timestamp="20190804 22:50:07.777" level="INFO">Clicking link 'xpath=//a[contains(text(),"Proceed to Buy")]'.</msg>
<status status="PASS" starttime="20190804 22:50:07.777" endtime="20190804 22:50:08.681"></status>
</kw>
<kw name="Wait Until Page Contains" library="SeleniumLibrary">
<doc>Waits until ``text`` appears on current page.</doc>
<arguments>
<arg>Login</arg>
</arguments>
<status status="PASS" starttime="20190804 22:50:08.682" endtime="20190804 22:50:08.693"></status>
</kw>
<kw name="Page Should Contain Element" library="SeleniumLibrary">
<doc>Verifies that element ``locator`` is found on the current page.</doc>
<arguments>
<arg>id=createAccountSubmit</arg>
</arguments>
<msg timestamp="20190804 22:50:08.704" level="INFO">Current page contains element 'id=createAccountSubmit'.</msg>
<status status="PASS" starttime="20190804 22:50:08.693" endtime="20190804 22:50:08.704"></status>
</kw>
<kw name="Element Text Should Be" library="SeleniumLibrary">
<doc>Verifies that element ``locator`` contains exact text ``expected``.</doc>
<arguments>
<arg>id=createAccountSubmit</arg>
<arg>Create your Amazon account</arg>
</arguments>
<msg timestamp="20190804 22:50:08.704" level="INFO">Verifying element 'id=createAccountSubmit' contains exact text 'Create your Amazon account'.</msg>
<status status="PASS" starttime="20190804 22:50:08.704" endtime="20190804 22:50:08.723"></status>
</kw>
<status status="PASS" starttime="20190804 22:50:07.777" endtime="20190804 22:50:08.724"></status>
</kw>
<kw name="Close Test">
<kw name="Close Browser" library="SeleniumLibrary">
<doc>Closes the current browser.</doc>
<status status="PASS" starttime="20190804 22:50:08.724" endtime="20190804 22:50:08.868"></status>
</kw>
<status status="PASS" starttime="20190804 22:50:08.724" endtime="20190804 22:50:08.868"></status>
</kw>
<doc>First readable test to verify user must signin</doc>
<tags>
<tag>Smoke</tag>
</tags>
<status status="PASS" starttime="20190804 22:49:56.002" endtime="20190804 22:50:08.868" critical="yes"></status>
</test>
<doc>First script modified to readable</doc>
<status status="PASS" starttime="20190804 22:49:55.786" endtime="20190804 22:50:08.869"></status>
</suite>
<suite id="s1-s2" name="First Script Better" source="/Users/ajithsundararaj/PycharmProjects/robot_udemy/amazon_with_readable_scripts/tests/first_script_better.robot">
<test id="s1-s2-t1" name="User must signin to checck out">
<kw name="Begin web test" library="Common" type="setup">
<kw name="Open Browser" library="SeleniumLibrary">
<doc>Opens a new browser instance to the given ``url``.</doc>
<arguments>
<arg>http://www.amazon.in</arg>
<arg>${Browser}</arg>
</arguments>
<msg timestamp="20190804 22:50:08.890" level="INFO">Opening browser 'chrome' to base url 'http://www.amazon.in'.</msg>
<status status="PASS" starttime="20190804 22:50:08.890" endtime="20190804 22:50:13.290"></status>
</kw>
<kw name="Wait Until Page Contains" library="SeleniumLibrary">
<doc>Waits until ``text`` appears on current page.</doc>
<arguments>
<arg>Your Amazon.in</arg>
</arguments>
<status status="PASS" starttime="20190804 22:50:13.291" endtime="20190804 22:50:13.351"></status>
</kw>
<status status="PASS" starttime="20190804 22:50:08.889" endtime="20190804 22:50:13.351"></status>
</kw>
<kw name="Search for ${search_item} product" library="Amazon">
<kw name="Searching for ${search_item} in search bar" library="TopNav">
<kw name="Input Text" library="SeleniumLibrary">
<doc>Types the given ``text`` into text field identified by ``locator``.</doc>
<arguments>
<arg>id=twotabsearchtextbox</arg>
<arg>${search_item}</arg>
</arguments>
<msg timestamp="20190804 22:50:13.352" level="INFO">Typing text 'one plus cases' into text field 'id=twotabsearchtextbox'.</msg>
<status status="PASS" starttime="20190804 22:50:13.352" endtime="20190804 22:50:14.111"></status>
</kw>
<status status="PASS" starttime="20190804 22:50:13.352" endtime="20190804 22:50:14.112"></status>
</kw>
<kw name="Submit button in search bar" library="TopNav">
<kw name="Click Button" library="SeleniumLibrary">
<doc>Clicks button identified by ``locator``.</doc>
<arguments>
<arg>xpath=//div[@class="nav-search-submit nav-sprite"]//input[@class="nav-input"]</arg>
</arguments>
<msg timestamp="20190804 22:50:14.112" level="INFO">Clicking button 'xpath=//div[@class="nav-search-submit nav-sprite"]//input[@class="nav-input"]'.</msg>
<status status="PASS" starttime="20190804 22:50:14.112" endtime="20190804 22:50:16.913"></status>
</kw>
<status status="PASS" starttime="20190804 22:50:14.112" endtime="20190804 22:50:16.913"></status>
</kw>
<kw name="Verify search containing result for ${search_item}" library="Search_results_page">
<kw name="Wait Until Page Contains" library="SeleniumLibrary">
<doc>Waits until ``text`` appears on current page.</doc>
<arguments>
<arg>results for "${search_item}"</arg>
</arguments>
<status status="PASS" starttime="20190804 22:50:16.914" endtime="20190804 22:50:16.956"></status>
</kw>
<status status="PASS" starttime="20190804 22:50:16.914" endtime="20190804 22:50:16.956"></status>
</kw>
<status status="PASS" starttime="20190804 22:50:13.351" endtime="20190804 22:50:16.956"></status>
</kw>
<kw name="Add search product ${search_item} to cart" library="Amazon">
<kw name="Click on the first search product" library="Search_results_page">
<kw name="Click Link" library="SeleniumLibrary">
<doc>Clicks a link identified by ``locator``.</doc>
<arguments>
<arg>xpath=//div[@class="s-result-list s-search-results sg-row"]/child::div/div/div/div/div/div/div/div[2]/div/div/h2/a</arg>
</arguments>
<msg timestamp="20190804 22:50:16.957" level="INFO">Clicking link 'xpath=//div[@class="s-result-list s-search-results sg-row"]/child::div/div/div/div/div/div/div/div[2]/div/div/h2/a'.</msg>
<status status="PASS" starttime="20190804 22:50:16.957" endtime="20190804 22:50:17.215"></status>
</kw>
<status status="PASS" starttime="20190804 22:50:16.957" endtime="20190804 22:50:17.215"></status>
</kw>
<kw name="Select Window" library="SeleniumLibrary">
<doc>Selects browser window matching ``locator``.</doc>
<arguments>
<arg>NEW</arg>
</arguments>
<status status="PASS" starttime="20190804 22:50:17.215" endtime="20190804 22:50:17.224"></status>
</kw>
<kw name="Verify product page is present" library="Product_page">
<kw name="Wait Until Page Contains" library="SeleniumLibrary">
<doc>Waits until ``text`` appears on current page.</doc>
<arguments>
<arg>Back to results</arg>
</arguments>
<status status="PASS" starttime="20190804 22:50:17.224" endtime="20190804 22:50:18.260"></status>
</kw>
<status status="PASS" starttime="20190804 22:50:17.224" endtime="20190804 22:50:18.260"></status>
</kw>
<kw name="Click add to cart button" library="Product_page">
<kw name="Click Button" library="SeleniumLibrary">
<doc>Clicks button identified by ``locator``.</doc>
<arguments>
<arg>id=add-to-cart-button</arg>
</arguments>
<msg timestamp="20190804 22:50:18.260" level="INFO">Clicking button 'id=add-to-cart-button'.</msg>
<status status="PASS" starttime="20190804 22:50:18.260" endtime="20190804 22:50:19.559"></status>
</kw>
<status status="PASS" starttime="20190804 22:50:18.260" endtime="20190804 22:50:19.559"></status>
</kw>
<kw name="Verify cart page is present" library="cart_page">
<kw name="Wait Until Page Contains" library="SeleniumLibrary">
<doc>Waits until ``text`` appears on current page.</doc>
<arguments>
<arg>Added to Cart</arg>
</arguments>
<status status="PASS" starttime="20190804 22:50:19.559" endtime="20190804 22:50:19.588"></status>
</kw>
<status status="PASS" starttime="20190804 22:50:19.559" endtime="20190804 22:50:19.588"></status>
</kw>
<status status="PASS" starttime="20190804 22:50:16.957" endtime="20190804 22:50:19.588"></status>
</kw>
<kw name="Begin to checkout and verify user should signin" library="Amazon">
<kw name="Click on proceed to buy" library="cart_page">
<kw name="Click Link" library="SeleniumLibrary">
<doc>Clicks a link identified by ``locator``.</doc>
<arguments>
<arg>xpath=//a[contains(text(),"Proceed to Buy")]</arg>
</arguments>
<msg timestamp="20190804 22:50:19.589" level="INFO">Clicking link 'xpath=//a[contains(text(),"Proceed to Buy")]'.</msg>
<status status="PASS" starttime="20190804 22:50:19.589" endtime="20190804 22:50:20.444"></status>
</kw>
<status status="PASS" starttime="20190804 22:50:19.588" endtime="20190804 22:50:20.444"></status>
</kw>
<kw name="Verify sign-in page after checkout when user is not logged in" library="Sign_in_page">
<kw name="Wait Until Page Contains" library="SeleniumLibrary">
<doc>Waits until ``text`` appears on current page.</doc>
<arguments>
<arg>Login</arg>
</arguments>
<status status="PASS" starttime="20190804 22:50:20.445" endtime="20190804 22:50:20.463"></status>
</kw>
<status status="PASS" starttime="20190804 22:50:20.444" endtime="20190804 22:50:20.463"></status>
</kw>
<kw name="Verify create amazon account button is present" library="Sign_in_page">
<kw name="Page Should Contain Element" library="SeleniumLibrary">
<doc>Verifies that element ``locator`` is found on the current page.</doc>
<arguments>
<arg>id=createAccountSubmit</arg>
</arguments>
<msg timestamp="20190804 22:50:20.475" level="INFO">Current page contains element 'id=createAccountSubmit'.</msg>
<status status="PASS" starttime="20190804 22:50:20.463" endtime="20190804 22:50:20.476"></status>
</kw>
<kw name="Element Text Should Be" library="SeleniumLibrary">
<doc>Verifies that element ``locator`` contains exact text ``expected``.</doc>
<arguments>
<arg>id=createAccountSubmit</arg>
<arg>Create your Amazon account</arg>
</arguments>
<msg timestamp="20190804 22:50:20.476" level="INFO">Verifying element 'id=createAccountSubmit' contains exact text 'Create your Amazon account'.</msg>
<status status="PASS" starttime="20190804 22:50:20.476" endtime="20190804 22:50:20.497"></status>
</kw>
<status status="PASS" starttime="20190804 22:50:20.463" endtime="20190804 22:50:20.497"></status>
</kw>
<status status="PASS" starttime="20190804 22:50:19.588" endtime="20190804 22:50:20.497"></status>
</kw>
<kw name="Close Test" library="Common" type="teardown">
<kw name="Close Browser" library="SeleniumLibrary">
<doc>Closes the current browser.</doc>
<status status="PASS" starttime="20190804 22:50:20.497" endtime="20190804 22:50:20.636"></status>
</kw>
<status status="PASS" starttime="20190804 22:50:20.497" endtime="20190804 22:50:20.636"></status>
</kw>
<doc>First readable test to verify user must signin</doc>
<tags>
<tag>Smoke</tag>
</tags>
<status status="PASS" starttime="20190804 22:50:08.888" endtime="20190804 22:50:20.636" critical="yes"></status>
</test>
<doc>In this script, moved keywords to resources file and referencing it</doc>
<status status="PASS" starttime="20190804 22:50:08.871" endtime="20190804 22:50:20.637"></status>
</suite>
<status status="PASS" starttime="20190804 22:49:55.760" endtime="20190804 22:50:20.639"></status>
</suite>
<statistics>
<total>
<stat pass="2" fail="0">Critical Tests</stat>
<stat pass="2" fail="0">All Tests</stat>
</total>
<tag>
<stat pass="2" fail="0">Smoke</stat>
</tag>
<suite>
<stat pass="2" fail="0" id="s1" name="Tests">Tests</stat>
<stat pass="1" fail="0" id="s1-s1" name="First Script">Tests.First Script</stat>
<stat pass="1" fail="0" id="s1-s2" name="First Script Better">Tests.First Script Better</stat>
</suite>
</statistics>
<errors>
</errors>
</robot>
