<?xml version="1.0" encoding="UTF-8"?>
<robot generator="Robot 3.1.2 (Python 3.7.3 on darwin)" generated="20190803 22:40:22.768" rpa="false">
<suite id="s1" name="First Script" source="/Users/ajithsundararaj/PycharmProjects/robot_udemy/amazon/tests/first_script.robot">
<test id="s1-t1" name="User must signin to checck out">
<kw name="Open Browser" library="SeleniumLibrary">
<doc>Opens a new browser instance to the given ``url``.</doc>
<arguments>
<arg>http://www.amazon.in</arg>
<arg>${Browser}</arg>
</arguments>
<msg timestamp="20190803 22:40:23.086" level="INFO">Opening browser 'chrome' to base url 'http://www.amazon.in'.</msg>
<status status="PASS" starttime="20190803 22:40:23.086" endtime="20190803 22:40:29.379"></status>
</kw>
<kw name="Wait Until Page Contains" library="SeleniumLibrary">
<doc>Waits until ``text`` appears on current page.</doc>
<arguments>
<arg>Your Amazon.in</arg>
</arguments>
<status status="PASS" starttime="20190803 22:40:29.379" endtime="20190803 22:40:29.492"></status>
</kw>
<kw name="Input Text" library="SeleniumLibrary">
<doc>Types the given ``text`` into text field identified by ``locator``.</doc>
<arguments>
<arg>id=twotabsearchtextbox</arg>
<arg>Ferrari 458</arg>
</arguments>
<msg timestamp="20190803 22:40:29.492" level="INFO">Typing text 'Ferrari 458' into text field 'id=twotabsearchtextbox'.</msg>
<status status="PASS" starttime="20190803 22:40:29.492" endtime="20190803 22:40:30.245"></status>
</kw>
<kw name="Click Button" library="SeleniumLibrary">
<doc>Clicks button identified by ``locator``.</doc>
<arguments>
<arg>xpath=//div[@class="nav-search-submit nav-sprite"]//input[@class="nav-input"]</arg>
</arguments>
<msg timestamp="20190803 22:40:30.246" level="INFO">Clicking button 'xpath=//div[@class="nav-search-submit nav-sprite"]//input[@class="nav-input"]'.</msg>
<status status="PASS" starttime="20190803 22:40:30.245" endtime="20190803 22:40:32.512"></status>
</kw>
<kw name="Wait Until Page Contains" library="SeleniumLibrary">
<doc>Waits until ``text`` appears on current page.</doc>
<arguments>
<arg>results for "Ferrari 458"</arg>
</arguments>
<status status="PASS" starttime="20190803 22:40:32.513" endtime="20190803 22:40:32.541"></status>
</kw>
<kw name="Click Link" library="SeleniumLibrary">
<doc>Clicks a link identified by ``locator``.</doc>
<arguments>
<arg>xpath=//div[@class="a-section a-spacing-medium"]/div[2]/div[2]/div/div/h2/a/span[text()="ToysCentral Ferrari 458 Speciale A 1:24 Scale Remote Controlled Car, Officially Licensed Rastar Model, Red"]/parent::a</arg>
</arguments>
<msg timestamp="20190803 22:40:32.542" level="INFO">Clicking link 'xpath=//div[@class="a-section a-spacing-medium"]/div[2]/div[2]/div/div/h2/a/span[text()="ToysCentral Ferrari 458 Speciale A 1:24 Scale Remote Controlled Car, Officially Licensed Rastar Model, Red"]/parent::a'.</msg>
<status status="PASS" starttime="20190803 22:40:32.542" endtime="20190803 22:40:32.747"></status>
</kw>
<kw name="Select Window" library="SeleniumLibrary">
<doc>Selects browser window matching ``locator``.</doc>
<arguments>
<arg>NEW</arg>
</arguments>
<status status="PASS" starttime="20190803 22:40:32.748" endtime="20190803 22:40:32.765"></status>
</kw>
<kw name="Wait Until Page Contains" library="SeleniumLibrary">
<doc>Waits until ``text`` appears on current page.</doc>
<arguments>
<arg>Back to results</arg>
</arguments>
<status status="PASS" starttime="20190803 22:40:32.765" endtime="20190803 22:40:34.131"></status>
</kw>
<kw name="Click Button" library="SeleniumLibrary">
<doc>Clicks button identified by ``locator``.</doc>
<arguments>
<arg>id=add-to-cart-button</arg>
</arguments>
<msg timestamp="20190803 22:40:34.132" level="INFO">Clicking button 'id=add-to-cart-button'.</msg>
<status status="PASS" starttime="20190803 22:40:34.132" endtime="20190803 22:40:35.413"></status>
</kw>
<kw name="Wait Until Page Contains" library="SeleniumLibrary">
<doc>Waits until ``text`` appears on current page.</doc>
<arguments>
<arg>Added to Cart</arg>
</arguments>
<status status="PASS" starttime="20190803 22:40:35.413" endtime="20190803 22:40:35.453"></status>
</kw>
<kw name="Click Link" library="SeleniumLibrary">
<doc>Clicks a link identified by ``locator``.</doc>
<arguments>
<arg>xpath=//a[contains(text(),"Proceed to Buy")]</arg>
</arguments>
<msg timestamp="20190803 22:40:35.453" level="INFO">Clicking link 'xpath=//a[contains(text(),"Proceed to Buy")]'.</msg>
<status status="PASS" starttime="20190803 22:40:35.453" endtime="20190803 22:40:36.313"></status>
</kw>
<kw name="Wait Until Page Contains" library="SeleniumLibrary">
<doc>Waits until ``text`` appears on current page.</doc>
<arguments>
<arg>Login</arg>
</arguments>
<status status="PASS" starttime="20190803 22:40:36.313" endtime="20190803 22:40:36.327"></status>
</kw>
<kw name="Page Should Contain Element" library="SeleniumLibrary">
<doc>Verifies that element ``locator`` is found on the current page.</doc>
<arguments>
<arg>id=createAccountSubmit</arg>
</arguments>
<msg timestamp="20190803 22:40:36.339" level="INFO">Current page contains element 'id=createAccountSubmit'.</msg>
<status status="PASS" starttime="20190803 22:40:36.327" endtime="20190803 22:40:36.339"></status>
</kw>
<kw name="Element Text Should Be" library="SeleniumLibrary">
<doc>Verifies that element ``locator`` contains exact text ``expected``.</doc>
<arguments>
<arg>id=createAccountSubmit</arg>
<arg>Create your Amazon account</arg>
</arguments>
<msg timestamp="20190803 22:40:36.340" level="INFO">Verifying element 'id=createAccountSubmit' contains exact text 'Create your Amazon account'.</msg>
<status status="PASS" starttime="20190803 22:40:36.339" endtime="20190803 22:40:36.364"></status>
</kw>
<kw name="Close Browser" library="SeleniumLibrary">
<doc>Closes the current browser.</doc>
<status status="PASS" starttime="20190803 22:40:36.364" endtime="20190803 22:40:36.494"></status>
</kw>
<doc>First test to verify user must signin</doc>
<tags>
<tag>Smoke</tag>
</tags>
<status status="PASS" starttime="20190803 22:40:23.086" endtime="20190803 22:40:36.494" critical="yes"></status>
</test>
<doc>First script</doc>
<status status="PASS" starttime="20190803 22:40:22.775" endtime="20190803 22:40:36.496"></status>
</suite>
<statistics>
<total>
<stat pass="1" fail="0">Critical Tests</stat>
<stat pass="1" fail="0">All Tests</stat>
</total>
<tag>
<stat pass="1" fail="0">Smoke</stat>
</tag>
<suite>
<stat pass="1" fail="0" id="s1" name="First Script">First Script</stat>
</suite>
</statistics>
<errors>
</errors>
</robot>
